Compiling the C compiler identification source file "CMakeCCompilerId.c" failed.
Compiler: /Applications/Xcode.app/Contents/Developer/Toolchains/XcodeDefault.xctoolchain/usr/bin/cc 
Build flags: 
Id flags: 

The output was:
1
ld: library not found for -lSystem
clang: error: linker command failed with exit code 1 (use -v to see invocation)


Compiling the CXX compiler identification source file "CMakeCXXCompilerId.cpp" failed.
Compiler: /Applications/Xcode.app/Contents/Developer/Toolchains/XcodeDefault.xctoolchain/usr/bin/c++ 
Build flags: 
Id flags: 

The output was:
1
ld: library not found for -lc++
clang: error: linker command failed with exit code 1 (use -v to see invocation)


Determining if the function cbreak exists in the /opt/anaconda3/lib/libncurses.dylib failed with the following output:
Change Dir: /Users/yjl/Downloads/CppND-System-Monitor/build/CMakeFiles/CMakeTmp

Run Build Command:"/usr/bin/make" "cmTC_3e2c7/fast"
/Applications/Xcode.app/Contents/Developer/usr/bin/make -f CMakeFiles/cmTC_3e2c7.dir/build.make CMakeFiles/cmTC_3e2c7.dir/build
Building C object CMakeFiles/cmTC_3e2c7.dir/CheckFunctionExists.c.o
/Applications/Xcode.app/Contents/Developer/Toolchains/XcodeDefault.xctoolchain/usr/bin/cc   -DCHECK_FUNCTION_EXISTS=cbreak -isysroot /Applications/Xcode.app/Contents/Developer/Platforms/MacOSX.platform/Developer/SDKs/MacOSX12.3.sdk   -o CMakeFiles/cmTC_3e2c7.dir/CheckFunctionExists.c.o   -c /opt/anaconda3/share/cmake-3.3/Modules/CheckFunctionExists.c
Linking C executable cmTC_3e2c7
/opt/anaconda3/bin/cmake -E cmake_link_script CMakeFiles/cmTC_3e2c7.dir/link.txt --verbose=1
/Applications/Xcode.app/Contents/Developer/Toolchains/XcodeDefault.xctoolchain/usr/bin/cc   -DCHECK_FUNCTION_EXISTS=cbreak -isysroot /Applications/Xcode.app/Contents/Developer/Platforms/MacOSX.platform/Developer/SDKs/MacOSX12.3.sdk -Wl,-search_paths_first -Wl,-headerpad_max_install_names   CMakeFiles/cmTC_3e2c7.dir/CheckFunctionExists.c.o  -o cmTC_3e2c7  /opt/anaconda3/lib/libncurses.dylib -Wl,-rpath,/opt/anaconda3/lib 
Undefined symbols for architecture x86_64:
  "_cbreak", referenced from:
      _main in CheckFunctionExists.c.o
ld: symbol(s) not found for architecture x86_64
clang: error: linker command failed with exit code 1 (use -v to see invocation)
make[2]: *** [cmTC_3e2c7] Error 1
make[1]: *** [cmTC_3e2c7/fast] Error 2


